0 info it worked if it ends with ok
1 verbose cli [ 'C:\\Program Files\\nodejs\\node.exe',
1 verbose cli   'C:\\Program Files\\nodejs\\node_modules\\npm\\bin\\npm-cli.js',
1 verbose cli   '--no-update-notifier',
1 verbose cli   '--no-audit',
1 verbose cli   '--scripts-prepend-node-path=true',
1 verbose cli   'install' ]
2 info using npm@3.8.6
3 info using node@v6.0.0
4 silly loadCurrentTree Starting
5 silly install loadCurrentTree
6 silly install readLocalPackageData
7 silly install normalizeTree
8 silly loadCurrentTree Finishing
9 silly loadIdealTree Starting
10 silly install loadIdealTree
11 silly cloneCurrentTree Starting
12 silly install cloneCurrentTreeToIdealTree
13 silly cloneCurrentTree Finishing
14 silly loadShrinkwrap Starting
15 silly install loadShrinkwrap
16 silly loadShrinkwrap Finishing
17 silly loadAllDepsIntoIdealTree Starting
18 silly install loadAllDepsIntoIdealTree
19 silly fetchNamedPackageData lit-element
20 silly mapToRegistry name lit-element
21 silly mapToRegistry using default registry
22 silly mapToRegistry registry https://registry.npmjs.org/
23 silly mapToRegistry data Result {
23 silly mapToRegistry   raw: 'lit-element',
23 silly mapToRegistry   scope: null,
23 silly mapToRegistry   name: 'lit-element',
23 silly mapToRegistry   rawSpec: '',
23 silly mapToRegistry   spec: 'latest',
23 silly mapToRegistry   type: 'tag' }
24 silly mapToRegistry uri https://registry.npmjs.org/lit-element
25 silly fetchNamedPackageData @polymer/polymer
26 silly mapToRegistry name @polymer/polymer
27 silly mapToRegistry scope (from package name) @polymer
28 verbose mapToRegistry no registry URL found in name for scope @polymer
29 silly mapToRegistry using default registry
30 silly mapToRegistry registry https://registry.npmjs.org/
31 silly mapToRegistry data Result {
31 silly mapToRegistry   raw: '@polymer/polymer',
31 silly mapToRegistry   scope: '@polymer',
31 silly mapToRegistry   name: '@polymer/polymer',
31 silly mapToRegistry   rawSpec: '',
31 silly mapToRegistry   spec: 'latest',
31 silly mapToRegistry   type: 'tag' }
32 silly mapToRegistry uri https://registry.npmjs.org/@polymer%2fpolymer
33 silly fetchNamedPackageData @webcomponents/webcomponentsjs
34 silly mapToRegistry name @webcomponents/webcomponentsjs
35 silly mapToRegistry scope (from package name) @webcomponents
36 verbose mapToRegistry no registry URL found in name for scope @webcomponents
37 silly mapToRegistry using default registry
38 silly mapToRegistry registry https://registry.npmjs.org/
39 silly mapToRegistry data Result {
39 silly mapToRegistry   raw: '@webcomponents/webcomponentsjs',
39 silly mapToRegistry   scope: '@webcomponents',
39 silly mapToRegistry   name: '@webcomponents/webcomponentsjs',
39 silly mapToRegistry   rawSpec: '',
39 silly mapToRegistry   spec: 'latest',
39 silly mapToRegistry   type: 'tag' }
40 silly mapToRegistry uri https://registry.npmjs.org/@webcomponents%2fwebcomponentsjs
41 silly fetchNamedPackageData @vaadin/vaadin-grid
42 silly mapToRegistry name @vaadin/vaadin-grid
43 silly mapToRegistry scope (from package name) @vaadin
44 verbose mapToRegistry no registry URL found in name for scope @vaadin
45 silly mapToRegistry using default registry
46 silly mapToRegistry registry https://registry.npmjs.org/
47 silly mapToRegistry data Result {
47 silly mapToRegistry   raw: '@vaadin/vaadin-grid',
47 silly mapToRegistry   scope: '@vaadin',
47 silly mapToRegistry   name: '@vaadin/vaadin-grid',
47 silly mapToRegistry   rawSpec: '',
47 silly mapToRegistry   spec: 'latest',
47 silly mapToRegistry   type: 'tag' }
48 silly mapToRegistry uri https://registry.npmjs.org/@vaadin%2fvaadin-grid
49 silly fetchNamedPackageData @vaadin/vaadin-icons
50 silly mapToRegistry name @vaadin/vaadin-icons
51 silly mapToRegistry scope (from package name) @vaadin
52 verbose mapToRegistry no registry URL found in name for scope @vaadin
53 silly mapToRegistry using default registry
54 silly mapToRegistry registry https://registry.npmjs.org/
55 silly mapToRegistry data Result {
55 silly mapToRegistry   raw: '@vaadin/vaadin-icons',
55 silly mapToRegistry   scope: '@vaadin',
55 silly mapToRegistry   name: '@vaadin/vaadin-icons',
55 silly mapToRegistry   rawSpec: '',
55 silly mapToRegistry   spec: 'latest',
55 silly mapToRegistry   type: 'tag' }
56 silly mapToRegistry uri https://registry.npmjs.org/@vaadin%2fvaadin-icons
57 silly fetchNamedPackageData @vaadin/vaadin-split-layout
58 silly mapToRegistry name @vaadin/vaadin-split-layout
59 silly mapToRegistry scope (from package name) @vaadin
60 verbose mapToRegistry no registry URL found in name for scope @vaadin
61 silly mapToRegistry using default registry
62 silly mapToRegistry registry https://registry.npmjs.org/
63 silly mapToRegistry data Result {
63 silly mapToRegistry   raw: '@vaadin/vaadin-split-layout',
63 silly mapToRegistry   scope: '@vaadin',
63 silly mapToRegistry   name: '@vaadin/vaadin-split-layout',
63 silly mapToRegistry   rawSpec: '',
63 silly mapToRegistry   spec: 'latest',
63 silly mapToRegistry   type: 'tag' }
64 silly mapToRegistry uri https://registry.npmjs.org/@vaadin%2fvaadin-split-layout
65 silly fetchNamedPackageData @vaadin/vaadin-combo-box
66 silly mapToRegistry name @vaadin/vaadin-combo-box
67 silly mapToRegistry scope (from package name) @vaadin
68 verbose mapToRegistry no registry URL found in name for scope @vaadin
69 silly mapToRegistry using default registry
70 silly mapToRegistry registry https://registry.npmjs.org/
71 silly mapToRegistry data Result {
71 silly mapToRegistry   raw: '@vaadin/vaadin-combo-box',
71 silly mapToRegistry   scope: '@vaadin',
71 silly mapToRegistry   name: '@vaadin/vaadin-combo-box',
71 silly mapToRegistry   rawSpec: '',
71 silly mapToRegistry   spec: 'latest',
71 silly mapToRegistry   type: 'tag' }
72 silly mapToRegistry uri https://registry.npmjs.org/@vaadin%2fvaadin-combo-box
73 silly fetchNamedPackageData @vaadin/vaadin-core-shrinkwrap
74 silly mapToRegistry name @vaadin/vaadin-core-shrinkwrap
75 silly mapToRegistry scope (from package name) @vaadin
76 verbose mapToRegistry no registry URL found in name for scope @vaadin
77 silly mapToRegistry using default registry
78 silly mapToRegistry registry https://registry.npmjs.org/
79 silly mapToRegistry data Result {
79 silly mapToRegistry   raw: '@vaadin/vaadin-core-shrinkwrap',
79 silly mapToRegistry   scope: '@vaadin',
79 silly mapToRegistry   name: '@vaadin/vaadin-core-shrinkwrap',
79 silly mapToRegistry   rawSpec: '',
79 silly mapToRegistry   spec: 'latest',
79 silly mapToRegistry   type: 'tag' }
80 silly mapToRegistry uri https://registry.npmjs.org/@vaadin%2fvaadin-core-shrinkwrap
81 silly fetchNamedPackageData @vaadin/vaadin-upload
82 silly mapToRegistry name @vaadin/vaadin-upload
83 silly mapToRegistry scope (from package name) @vaadin
84 verbose mapToRegistry no registry URL found in name for scope @vaadin
85 silly mapToRegistry using default registry
86 silly mapToRegistry registry https://registry.npmjs.org/
87 silly mapToRegistry data Result {
87 silly mapToRegistry   raw: '@vaadin/vaadin-upload',
87 silly mapToRegistry   scope: '@vaadin',
87 silly mapToRegistry   name: '@vaadin/vaadin-upload',
87 silly mapToRegistry   rawSpec: '',
87 silly mapToRegistry   spec: 'latest',
87 silly mapToRegistry   type: 'tag' }
88 silly mapToRegistry uri https://registry.npmjs.org/@vaadin%2fvaadin-upload
89 silly fetchNamedPackageData @vaadin/vaadin-dialog
90 silly mapToRegistry name @vaadin/vaadin-dialog
91 silly mapToRegistry scope (from package name) @vaadin
92 verbose mapToRegistry no registry URL found in name for scope @vaadin
93 silly mapToRegistry using default registry
94 silly mapToRegistry registry https://registry.npmjs.org/
95 silly mapToRegistry data Result {
95 silly mapToRegistry   raw: '@vaadin/vaadin-dialog',
95 silly mapToRegistry   scope: '@vaadin',
95 silly mapToRegistry   name: '@vaadin/vaadin-dialog',
95 silly mapToRegistry   rawSpec: '',
95 silly mapToRegistry   spec: 'latest',
95 silly mapToRegistry   type: 'tag' }
96 silly mapToRegistry uri https://registry.npmjs.org/@vaadin%2fvaadin-dialog
97 silly fetchNamedPackageData @vaadin/vaadin-select
98 silly mapToRegistry name @vaadin/vaadin-select
99 silly mapToRegistry scope (from package name) @vaadin
100 verbose mapToRegistry no registry URL found in name for scope @vaadin
101 silly mapToRegistry using default registry
102 silly mapToRegistry registry https://registry.npmjs.org/
103 silly mapToRegistry data Result {
103 silly mapToRegistry   raw: '@vaadin/vaadin-select',
103 silly mapToRegistry   scope: '@vaadin',
103 silly mapToRegistry   name: '@vaadin/vaadin-select',
103 silly mapToRegistry   rawSpec: '',
103 silly mapToRegistry   spec: 'latest',
103 silly mapToRegistry   type: 'tag' }
104 silly mapToRegistry uri https://registry.npmjs.org/@vaadin%2fvaadin-select
105 silly fetchNamedPackageData @vaadin/vaadin-app-layout
106 silly mapToRegistry name @vaadin/vaadin-app-layout
107 silly mapToRegistry scope (from package name) @vaadin
108 verbose mapToRegistry no registry URL found in name for scope @vaadin
109 silly mapToRegistry using default registry
110 silly mapToRegistry registry https://registry.npmjs.org/
111 silly mapToRegistry data Result {
111 silly mapToRegistry   raw: '@vaadin/vaadin-app-layout',
111 silly mapToRegistry   scope: '@vaadin',
111 silly mapToRegistry   name: '@vaadin/vaadin-app-layout',
111 silly mapToRegistry   rawSpec: '',
111 silly mapToRegistry   spec: 'latest',
111 silly mapToRegistry   type: 'tag' }
112 silly mapToRegistry uri https://registry.npmjs.org/@vaadin%2fvaadin-app-layout
113 silly fetchNamedPackageData @vaadin/vaadin-item
114 silly mapToRegistry name @vaadin/vaadin-item
115 silly mapToRegistry scope (from package name) @vaadin
116 verbose mapToRegistry no registry URL found in name for scope @vaadin
117 silly mapToRegistry using default registry
118 silly mapToRegistry registry https://registry.npmjs.org/
119 silly mapToRegistry data Result {
119 silly mapToRegistry   raw: '@vaadin/vaadin-item',
119 silly mapToRegistry   scope: '@vaadin',
119 silly mapToRegistry   name: '@vaadin/vaadin-item',
119 silly mapToRegistry   rawSpec: '',
119 silly mapToRegistry   spec: 'latest',
119 silly mapToRegistry   type: 'tag' }
120 silly mapToRegistry uri https://registry.npmjs.org/@vaadin%2fvaadin-item
121 silly fetchNamedPackageData @vaadin/vaadin-notification
122 silly mapToRegistry name @vaadin/vaadin-notification
123 silly mapToRegistry scope (from package name) @vaadin
124 verbose mapToRegistry no registry URL found in name for scope @vaadin
125 silly mapToRegistry using default registry
126 silly mapToRegistry registry https://registry.npmjs.org/
127 silly mapToRegistry data Result {
127 silly mapToRegistry   raw: '@vaadin/vaadin-notification',
127 silly mapToRegistry   scope: '@vaadin',
127 silly mapToRegistry   name: '@vaadin/vaadin-notification',
127 silly mapToRegistry   rawSpec: '',
127 silly mapToRegistry   spec: 'latest',
127 silly mapToRegistry   type: 'tag' }
128 silly mapToRegistry uri https://registry.npmjs.org/@vaadin%2fvaadin-notification
129 silly fetchNamedPackageData @vaadin/vaadin-progress-bar
130 silly mapToRegistry name @vaadin/vaadin-progress-bar
131 silly mapToRegistry scope (from package name) @vaadin
132 verbose mapToRegistry no registry URL found in name for scope @vaadin
133 silly mapToRegistry using default registry
134 silly mapToRegistry registry https://registry.npmjs.org/
135 silly mapToRegistry data Result {
135 silly mapToRegistry   raw: '@vaadin/vaadin-progress-bar',
135 silly mapToRegistry   scope: '@vaadin',
135 silly mapToRegistry   name: '@vaadin/vaadin-progress-bar',
135 silly mapToRegistry   rawSpec: '',
135 silly mapToRegistry   spec: 'latest',
135 silly mapToRegistry   type: 'tag' }
136 silly mapToRegistry uri https://registry.npmjs.org/@vaadin%2fvaadin-progress-bar
137 silly fetchNamedPackageData @vaadin/vaadin-date-time-picker
138 silly mapToRegistry name @vaadin/vaadin-date-time-picker
139 silly mapToRegistry scope (from package name) @vaadin
140 verbose mapToRegistry no registry URL found in name for scope @vaadin
141 silly mapToRegistry using default registry
142 silly mapToRegistry registry https://registry.npmjs.org/
143 silly mapToRegistry data Result {
143 silly mapToRegistry   raw: '@vaadin/vaadin-date-time-picker',
143 silly mapToRegistry   scope: '@vaadin',
143 silly mapToRegistry   name: '@vaadin/vaadin-date-time-picker',
143 silly mapToRegistry   rawSpec: '',
143 silly mapToRegistry   spec: 'latest',
143 silly mapToRegistry   type: 'tag' }
144 silly mapToRegistry uri https://registry.npmjs.org/@vaadin%2fvaadin-date-time-picker
145 silly fetchNamedPackageData @vaadin/vaadin-ordered-layout
146 silly mapToRegistry name @vaadin/vaadin-ordered-layout
147 silly mapToRegistry scope (from package name) @vaadin
148 verbose mapToRegistry no registry URL found in name for scope @vaadin
149 silly mapToRegistry using default registry
150 silly mapToRegistry registry https://registry.npmjs.org/
151 silly mapToRegistry data Result {
151 silly mapToRegistry   raw: '@vaadin/vaadin-ordered-layout',
151 silly mapToRegistry   scope: '@vaadin',
151 silly mapToRegistry   name: '@vaadin/vaadin-ordered-layout',
151 silly mapToRegistry   rawSpec: '',
151 silly mapToRegistry   spec: 'latest',
151 silly mapToRegistry   type: 'tag' }
152 silly mapToRegistry uri https://registry.npmjs.org/@vaadin%2fvaadin-ordered-layout
153 silly fetchNamedPackageData @vaadin/vaadin-login
154 silly mapToRegistry name @vaadin/vaadin-login
155 silly mapToRegistry scope (from package name) @vaadin
156 verbose mapToRegistry no registry URL found in name for scope @vaadin
157 silly mapToRegistry using default registry
158 silly mapToRegistry registry https://registry.npmjs.org/
159 silly mapToRegistry data Result {
159 silly mapToRegistry   raw: '@vaadin/vaadin-login',
159 silly mapToRegistry   scope: '@vaadin',
159 silly mapToRegistry   name: '@vaadin/vaadin-login',
159 silly mapToRegistry   rawSpec: '',
159 silly mapToRegistry   spec: 'latest',
159 silly mapToRegistry   type: 'tag' }
160 silly mapToRegistry uri https://registry.npmjs.org/@vaadin%2fvaadin-login
161 silly fetchNamedPackageData @vaadin/vaadin-button
162 silly mapToRegistry name @vaadin/vaadin-button
163 silly mapToRegistry scope (from package name) @vaadin
164 verbose mapToRegistry no registry URL found in name for scope @vaadin
165 silly mapToRegistry using default registry
166 silly mapToRegistry registry https://registry.npmjs.org/
167 silly mapToRegistry data Result {
167 silly mapToRegistry   raw: '@vaadin/vaadin-button',
167 silly mapToRegistry   scope: '@vaadin',
167 silly mapToRegistry   name: '@vaadin/vaadin-button',
167 silly mapToRegistry   rawSpec: '',
167 silly mapToRegistry   spec: 'latest',
167 silly mapToRegistry   type: 'tag' }
168 silly mapToRegistry uri https://registry.npmjs.org/@vaadin%2fvaadin-button
169 silly fetchNamedPackageData @vaadin/vaadin-date-picker
170 silly mapToRegistry name @vaadin/vaadin-date-picker
171 silly mapToRegistry scope (from package name) @vaadin
172 verbose mapToRegistry no registry URL found in name for scope @vaadin
173 silly mapToRegistry using default registry
174 silly mapToRegistry registry https://registry.npmjs.org/
175 silly mapToRegistry data Result {
175 silly mapToRegistry   raw: '@vaadin/vaadin-date-picker',
175 silly mapToRegistry   scope: '@vaadin',
175 silly mapToRegistry   name: '@vaadin/vaadin-date-picker',
175 silly mapToRegistry   rawSpec: '',
175 silly mapToRegistry   spec: 'latest',
175 silly mapToRegistry   type: 'tag' }
176 silly mapToRegistry uri https://registry.npmjs.org/@vaadin%2fvaadin-date-picker
177 silly fetchNamedPackageData @vaadin/vaadin-text-field
178 silly mapToRegistry name @vaadin/vaadin-text-field
179 silly mapToRegistry scope (from package name) @vaadin
180 verbose mapToRegistry no registry URL found in name for scope @vaadin
181 silly mapToRegistry using default registry
182 silly mapToRegistry registry https://registry.npmjs.org/
183 silly mapToRegistry data Result {
183 silly mapToRegistry   raw: '@vaadin/vaadin-text-field',
183 silly mapToRegistry   scope: '@vaadin',
183 silly mapToRegistry   name: '@vaadin/vaadin-text-field',
183 silly mapToRegistry   rawSpec: '',
183 silly mapToRegistry   spec: 'latest',
183 silly mapToRegistry   type: 'tag' }
184 silly mapToRegistry uri https://registry.npmjs.org/@vaadin%2fvaadin-text-field
185 silly fetchNamedPackageData @vaadin/vaadin-menu-bar
186 silly mapToRegistry name @vaadin/vaadin-menu-bar
187 silly mapToRegistry scope (from package name) @vaadin
188 verbose mapToRegistry no registry URL found in name for scope @vaadin
189 silly mapToRegistry using default registry
190 silly mapToRegistry registry https://registry.npmjs.org/
191 silly mapToRegistry data Result {
191 silly mapToRegistry   raw: '@vaadin/vaadin-menu-bar',
191 silly mapToRegistry   scope: '@vaadin',
191 silly mapToRegistry   name: '@vaadin/vaadin-menu-bar',
191 silly mapToRegistry   rawSpec: '',
191 silly mapToRegistry   spec: 'latest',
191 silly mapToRegistry   type: 'tag' }
192 silly mapToRegistry uri https://registry.npmjs.org/@vaadin%2fvaadin-menu-bar
193 silly fetchNamedPackageData @vaadin/vaadin-custom-field
194 silly mapToRegistry name @vaadin/vaadin-custom-field
195 silly mapToRegistry scope (from package name) @vaadin
196 verbose mapToRegistry no registry URL found in name for scope @vaadin
197 silly mapToRegistry using default registry
198 silly mapToRegistry registry https://registry.npmjs.org/
199 silly mapToRegistry data Result {
199 silly mapToRegistry   raw: '@vaadin/vaadin-custom-field',
199 silly mapToRegistry   scope: '@vaadin',
199 silly mapToRegistry   name: '@vaadin/vaadin-custom-field',
199 silly mapToRegistry   rawSpec: '',
199 silly mapToRegistry   spec: 'latest',
199 silly mapToRegistry   type: 'tag' }
200 silly mapToRegistry uri https://registry.npmjs.org/@vaadin%2fvaadin-custom-field
201 silly fetchNamedPackageData @vaadin/vaadin-form-layout
202 silly mapToRegistry name @vaadin/vaadin-form-layout
203 silly mapToRegistry scope (from package name) @vaadin
204 verbose mapToRegistry no registry URL found in name for scope @vaadin
205 silly mapToRegistry using default registry
206 silly mapToRegistry registry https://registry.npmjs.org/
207 silly mapToRegistry data Result {
207 silly mapToRegistry   raw: '@vaadin/vaadin-form-layout',
207 silly mapToRegistry   scope: '@vaadin',
207 silly mapToRegistry   name: '@vaadin/vaadin-form-layout',
207 silly mapToRegistry   rawSpec: '',
207 silly mapToRegistry   spec: 'latest',
207 silly mapToRegistry   type: 'tag' }
208 silly mapToRegistry uri https://registry.npmjs.org/@vaadin%2fvaadin-form-layout
209 silly fetchNamedPackageData @polymer/iron-list
210 silly mapToRegistry name @polymer/iron-list
211 silly mapToRegistry scope (from package name) @polymer
212 verbose mapToRegistry no registry URL found in name for scope @polymer
213 silly mapToRegistry using default registry
214 silly mapToRegistry registry https://registry.npmjs.org/
215 silly mapToRegistry data Result {
215 silly mapToRegistry   raw: '@polymer/iron-list',
215 silly mapToRegistry   scope: '@polymer',
215 silly mapToRegistry   name: '@polymer/iron-list',
215 silly mapToRegistry   rawSpec: '',
215 silly mapToRegistry   spec: 'latest',
215 silly mapToRegistry   type: 'tag' }
216 silly mapToRegistry uri https://registry.npmjs.org/@polymer%2firon-list
217 silly fetchNamedPackageData @vaadin/vaadin-accordion
218 silly mapToRegistry name @vaadin/vaadin-accordion
219 silly mapToRegistry scope (from package name) @vaadin
220 verbose mapToRegistry no registry URL found in name for scope @vaadin
221 silly mapToRegistry using default registry
222 silly mapToRegistry registry https://registry.npmjs.org/
223 silly mapToRegistry data Result {
223 silly mapToRegistry   raw: '@vaadin/vaadin-accordion',
223 silly mapToRegistry   scope: '@vaadin',
223 silly mapToRegistry   name: '@vaadin/vaadin-accordion',
223 silly mapToRegistry   rawSpec: '',
223 silly mapToRegistry   spec: 'latest',
223 silly mapToRegistry   type: 'tag' }
224 silly mapToRegistry uri https://registry.npmjs.org/@vaadin%2fvaadin-accordion
225 silly fetchNamedPackageData @vaadin/vaadin-list-box
226 silly mapToRegistry name @vaadin/vaadin-list-box
227 silly mapToRegistry scope (from package name) @vaadin
228 verbose mapToRegistry no registry URL found in name for scope @vaadin
229 silly mapToRegistry using default registry
230 silly mapToRegistry registry https://registry.npmjs.org/
231 silly mapToRegistry data Result {
231 silly mapToRegistry   raw: '@vaadin/vaadin-list-box',
231 silly mapToRegistry   scope: '@vaadin',
231 silly mapToRegistry   name: '@vaadin/vaadin-list-box',
231 silly mapToRegistry   rawSpec: '',
231 silly mapToRegistry   spec: 'latest',
231 silly mapToRegistry   type: 'tag' }
232 silly mapToRegistry uri https://registry.npmjs.org/@vaadin%2fvaadin-list-box
233 silly fetchNamedPackageData @vaadin/vaadin-checkbox
234 silly mapToRegistry name @vaadin/vaadin-checkbox
235 silly mapToRegistry scope (from package name) @vaadin
236 verbose mapToRegistry no registry URL found in name for scope @vaadin
237 silly mapToRegistry using default registry
238 silly mapToRegistry registry https://registry.npmjs.org/
239 silly mapToRegistry data Result {
239 silly mapToRegistry   raw: '@vaadin/vaadin-checkbox',
239 silly mapToRegistry   scope: '@vaadin',
239 silly mapToRegistry   name: '@vaadin/vaadin-checkbox',
239 silly mapToRegistry   rawSpec: '',
239 silly mapToRegistry   spec: 'latest',
239 silly mapToRegistry   type: 'tag' }
240 silly mapToRegistry uri https://registry.npmjs.org/@vaadin%2fvaadin-checkbox
241 silly fetchNamedPackageData @vaadin/vaadin-details
242 silly mapToRegistry name @vaadin/vaadin-details
243 silly mapToRegistry scope (from package name) @vaadin
244 verbose mapToRegistry no registry URL found in name for scope @vaadin
245 silly mapToRegistry using default registry
246 silly mapToRegistry registry https://registry.npmjs.org/
247 silly mapToRegistry data Result {
247 silly mapToRegistry   raw: '@vaadin/vaadin-details',
247 silly mapToRegistry   scope: '@vaadin',
247 silly mapToRegistry   name: '@vaadin/vaadin-details',
247 silly mapToRegistry   rawSpec: '',
247 silly mapToRegistry   spec: 'latest',
247 silly mapToRegistry   type: 'tag' }
248 silly mapToRegistry uri https://registry.npmjs.org/@vaadin%2fvaadin-details
249 silly fetchNamedPackageData @polymer/iron-icon
250 silly mapToRegistry name @polymer/iron-icon
251 silly mapToRegistry scope (from package name) @polymer
252 verbose mapToRegistry no registry URL found in name for scope @polymer
253 silly mapToRegistry using default registry
254 silly mapToRegistry registry https://registry.npmjs.org/
255 silly mapToRegistry data Result {
255 silly mapToRegistry   raw: '@polymer/iron-icon',
255 silly mapToRegistry   scope: '@polymer',
255 silly mapToRegistry   name: '@polymer/iron-icon',
255 silly mapToRegistry   rawSpec: '',
255 silly mapToRegistry   spec: 'latest',
255 silly mapToRegistry   type: 'tag' }
256 silly mapToRegistry uri https://registry.npmjs.org/@polymer%2firon-icon
257 silly fetchNamedPackageData @vaadin/vaadin-time-picker
258 silly mapToRegistry name @vaadin/vaadin-time-picker
259 silly mapToRegistry scope (from package name) @vaadin
260 verbose mapToRegistry no registry URL found in name for scope @vaadin
261 silly mapToRegistry using default registry
262 silly mapToRegistry registry https://registry.npmjs.org/
263 silly mapToRegistry data Result {
263 silly mapToRegistry   raw: '@vaadin/vaadin-time-picker',
263 silly mapToRegistry   scope: '@vaadin',
263 silly mapToRegistry   name: '@vaadin/vaadin-time-picker',
263 silly mapToRegistry   rawSpec: '',
263 silly mapToRegistry   spec: 'latest',
263 silly mapToRegistry   type: 'tag' }
264 silly mapToRegistry uri https://registry.npmjs.org/@vaadin%2fvaadin-time-picker
265 silly fetchNamedPackageData @vaadin/vaadin-context-menu
266 silly mapToRegistry name @vaadin/vaadin-context-menu
267 silly mapToRegistry scope (from package name) @vaadin
268 verbose mapToRegistry no registry URL found in name for scope @vaadin
269 silly mapToRegistry using default registry
270 silly mapToRegistry registry https://registry.npmjs.org/
271 silly mapToRegistry data Result {
271 silly mapToRegistry   raw: '@vaadin/vaadin-context-menu',
271 silly mapToRegistry   scope: '@vaadin',
271 silly mapToRegistry   name: '@vaadin/vaadin-context-menu',
271 silly mapToRegistry   rawSpec: '',
271 silly mapToRegistry   spec: 'latest',
271 silly mapToRegistry   type: 'tag' }
272 silly mapToRegistry uri https://registry.npmjs.org/@vaadin%2fvaadin-context-menu
273 silly fetchNamedPackageData @vaadin/vaadin-radio-button
274 silly mapToRegistry name @vaadin/vaadin-radio-button
275 silly mapToRegistry scope (from package name) @vaadin
276 verbose mapToRegistry no registry URL found in name for scope @vaadin
277 silly mapToRegistry using default registry
278 silly mapToRegistry registry https://registry.npmjs.org/
279 silly mapToRegistry data Result {
279 silly mapToRegistry   raw: '@vaadin/vaadin-radio-button',
279 silly mapToRegistry   scope: '@vaadin',
279 silly mapToRegistry   name: '@vaadin/vaadin-radio-button',
279 silly mapToRegistry   rawSpec: '',
279 silly mapToRegistry   spec: 'latest',
279 silly mapToRegistry   type: 'tag' }
280 silly mapToRegistry uri https://registry.npmjs.org/@vaadin%2fvaadin-radio-button
281 silly fetchNamedPackageData @vaadin/vaadin-tabs
282 silly mapToRegistry name @vaadin/vaadin-tabs
283 silly mapToRegistry scope (from package name) @vaadin
284 verbose mapToRegistry no registry URL found in name for scope @vaadin
285 silly mapToRegistry using default registry
286 silly mapToRegistry registry https://registry.npmjs.org/
287 silly mapToRegistry data Result {
287 silly mapToRegistry   raw: '@vaadin/vaadin-tabs',
287 silly mapToRegistry   scope: '@vaadin',
287 silly mapToRegistry   name: '@vaadin/vaadin-tabs',
287 silly mapToRegistry   rawSpec: '',
287 silly mapToRegistry   spec: 'latest',
287 silly mapToRegistry   type: 'tag' }
288 silly mapToRegistry uri https://registry.npmjs.org/@vaadin%2fvaadin-tabs
289 silly fetchNamedPackageData @vaadin/vaadin-lumo-styles
290 silly mapToRegistry name @vaadin/vaadin-lumo-styles
291 silly mapToRegistry scope (from package name) @vaadin
292 verbose mapToRegistry no registry URL found in name for scope @vaadin
293 silly mapToRegistry using default registry
294 silly mapToRegistry registry https://registry.npmjs.org/
295 silly mapToRegistry data Result {
295 silly mapToRegistry   raw: '@vaadin/vaadin-lumo-styles',
295 silly mapToRegistry   scope: '@vaadin',
295 silly mapToRegistry   name: '@vaadin/vaadin-lumo-styles',
295 silly mapToRegistry   rawSpec: '',
295 silly mapToRegistry   spec: 'latest',
295 silly mapToRegistry   type: 'tag' }
296 silly mapToRegistry uri https://registry.npmjs.org/@vaadin%2fvaadin-lumo-styles
297 silly fetchNamedPackageData @vaadin/vaadin-material-styles
298 silly mapToRegistry name @vaadin/vaadin-material-styles
299 silly mapToRegistry scope (from package name) @vaadin
300 verbose mapToRegistry no registry URL found in name for scope @vaadin
301 silly mapToRegistry using default registry
302 silly mapToRegistry registry https://registry.npmjs.org/
303 silly mapToRegistry data Result {
303 silly mapToRegistry   raw: '@vaadin/vaadin-material-styles',
303 silly mapToRegistry   scope: '@vaadin',
303 silly mapToRegistry   name: '@vaadin/vaadin-material-styles',
303 silly mapToRegistry   rawSpec: '',
303 silly mapToRegistry   spec: 'latest',
303 silly mapToRegistry   type: 'tag' }
304 silly mapToRegistry uri https://registry.npmjs.org/@vaadin%2fvaadin-material-styles
305 verbose request uri https://registry.npmjs.org/@vaadin%2fvaadin-icons
306 verbose request no auth needed
307 info attempt registry request try #1 at 17:06:15
308 verbose request id 73c938dba2b12695
309 verbose etag W/"08e59c66582dfcd1f2788b067e4d2022"
310 verbose lastModified Fri, 29 Jan 2021 11:53:30 GMT
311 http request GET https://registry.npmjs.org/@vaadin%2fvaadin-icons
312 verbose request uri https://registry.npmjs.org/lit-element
313 verbose request no auth needed
314 info attempt registry request try #1 at 17:06:15
315 verbose etag W/"969f7bd6b4d8f449176fec00ac3c4496"
316 verbose lastModified Fri, 12 Feb 2021 22:11:43 GMT
317 http request GET https://registry.npmjs.org/lit-element
318 verbose request uri https://registry.npmjs.org/@webcomponents%2fwebcomponentsjs
319 verbose request no auth needed
320 info attempt registry request try #1 at 17:06:15
321 verbose etag W/"25b51f2b994f7c4774c6bb02700b6d8f"
322 verbose lastModified Wed, 21 Oct 2020 22:20:28 GMT
323 http request GET https://registry.npmjs.org/@webcomponents%2fwebcomponentsjs
324 verbose request uri https://registry.npmjs.org/@vaadin%2fvaadin-split-layout
325 verbose request no auth needed
326 info attempt registry request try #1 at 17:06:15
327 verbose etag W/"0d04ad070b1404775758a98b8de12e17"
328 verbose lastModified Fri, 29 Jan 2021 11:53:37 GMT
329 http request GET https://registry.npmjs.org/@vaadin%2fvaadin-split-layout
330 verbose request uri https://registry.npmjs.org/@polymer%2fpolymer
331 verbose request no auth needed
332 info attempt registry request try #1 at 17:06:15
333 verbose etag W/"573e0645ac9261edcfa77cda76037721"
334 verbose lastModified Thu, 30 Apr 2020 18:11:43 GMT
335 http request GET https://registry.npmjs.org/@polymer%2fpolymer
336 verbose request uri https://registry.npmjs.org/@vaadin%2fvaadin-grid
337 verbose request no auth needed
338 info attempt registry request try #1 at 17:06:15
339 verbose etag W/"f8863c1faabe773977f9eb6895f1dd95"
340 verbose lastModified Wed, 03 Feb 2021 14:27:48 GMT
341 http request GET https://registry.npmjs.org/@vaadin%2fvaadin-grid
342 verbose request uri https://registry.npmjs.org/@vaadin%2fvaadin-upload
343 verbose request no auth needed
344 info attempt registry request try #1 at 17:06:15
345 verbose etag W/"fb9ea5cbad5e986d3e85c7645d7887e6"
346 verbose lastModified Thu, 04 Feb 2021 07:46:11 GMT
347 http request GET https://registry.npmjs.org/@vaadin%2fvaadin-upload
348 verbose request uri https://registry.npmjs.org/@vaadin%2fvaadin-combo-box
349 verbose request no auth needed
350 info attempt registry request try #1 at 17:06:15
351 verbose etag W/"e3024c1c2cad4f6f483c3bcbd6dfa08f"
352 verbose lastModified Thu, 04 Feb 2021 07:53:00 GMT
353 http request GET https://registry.npmjs.org/@vaadin%2fvaadin-combo-box
354 verbose request uri https://registry.npmjs.org/@vaadin%2fvaadin-dialog
355 verbose request no auth needed
356 info attempt registry request try #1 at 17:06:15
357 verbose etag W/"3c95b8b888ec333174cdf62547f77a6b"
358 verbose lastModified Fri, 29 Jan 2021 11:53:32 GMT
359 http request GET https://registry.npmjs.org/@vaadin%2fvaadin-dialog
360 verbose request uri https://registry.npmjs.org/@vaadin%2fvaadin-select
361 verbose request no auth needed
362 info attempt registry request try #1 at 17:06:15
363 verbose etag W/"346c46cdfad302f5cfcdb99c453ce321"
364 verbose lastModified Thu, 04 Feb 2021 07:48:20 GMT
365 http request GET https://registry.npmjs.org/@vaadin%2fvaadin-select
366 verbose request uri https://registry.npmjs.org/@vaadin%2fvaadin-item
367 verbose request no auth needed
368 info attempt registry request try #1 at 17:06:15
369 verbose etag W/"8388eecde52ddcb1b10169db8deb812c"
370 verbose lastModified Wed, 03 Feb 2021 13:22:55 GMT
371 http request GET https://registry.npmjs.org/@vaadin%2fvaadin-item
372 verbose request uri https://registry.npmjs.org/@vaadin%2fvaadin-progress-bar
373 verbose request no auth needed
374 info attempt registry request try #1 at 17:06:15
375 verbose etag W/"f1f43b2022280b3900fe1aac95986c8b"
376 verbose lastModified Fri, 29 Jan 2021 11:53:35 GMT
377 http request GET https://registry.npmjs.org/@vaadin%2fvaadin-progress-bar
378 verbose request uri https://registry.npmjs.org/@vaadin%2fvaadin-notification
379 verbose request no auth needed
380 info attempt registry request try #1 at 17:06:15
381 verbose etag W/"6e8a17acd9f3af4b6ef1d23238035a0c"
382 verbose lastModified Fri, 29 Jan 2021 11:53:38 GMT
383 http request GET https://registry.npmjs.org/@vaadin%2fvaadin-notification
384 verbose request uri https://registry.npmjs.org/@vaadin%2fvaadin-app-layout
385 verbose request no auth needed
386 info attempt registry request try #1 at 17:06:15
387 verbose etag W/"611b5402f98b537c9de41ca52c5b07bd"
388 verbose lastModified Tue, 02 Feb 2021 17:29:36 GMT
389 http request GET https://registry.npmjs.org/@vaadin%2fvaadin-app-layout
390 verbose request uri https://registry.npmjs.org/@vaadin%2fvaadin-ordered-layout
391 verbose request no auth needed
392 info attempt registry request try #1 at 17:06:15
393 verbose etag W/"a0ecdbbad54137ef50ae4f3757060794"
394 verbose lastModified Fri, 05 Feb 2021 07:57:37 GMT
395 http request GET https://registry.npmjs.org/@vaadin%2fvaadin-ordered-layout
396 verbose request uri https://registry.npmjs.org/@vaadin%2fvaadin-date-time-picker
397 verbose request no auth needed
398 info attempt registry request try #1 at 17:06:15
399 verbose etag W/"276aec47a65a0ae2b1c8d7c0fbf5e4dd"
400 verbose lastModified Thu, 04 Feb 2021 11:51:25 GMT
401 http request GET https://registry.npmjs.org/@vaadin%2fvaadin-date-time-picker
402 verbose request uri https://registry.npmjs.org/@vaadin%2fvaadin-login
403 verbose request no auth needed
404 info attempt registry request try #1 at 17:06:15
405 verbose etag W/"de03d46e53a00a210794bd35eceac6f9"
406 verbose lastModified Thu, 04 Feb 2021 11:21:45 GMT
407 http request GET https://registry.npmjs.org/@vaadin%2fvaadin-login
408 verbose request uri https://registry.npmjs.org/@vaadin%2fvaadin-button
409 verbose request no auth needed
410 info attempt registry request try #1 at 17:06:15
411 verbose etag W/"d8944e16949a0b351b78024d92863084"
412 verbose lastModified Fri, 29 Jan 2021 11:53:26 GMT
413 http request GET https://registry.npmjs.org/@vaadin%2fvaadin-button
414 verbose request uri https://registry.npmjs.org/@vaadin%2fvaadin-core-shrinkwrap
415 verbose request no auth needed
416 info attempt registry request try #1 at 17:06:15
417 verbose etag W/"d8ffe414df8dd557d5b760a4c1af1d2a"
418 verbose lastModified Wed, 10 Feb 2021 10:48:23 GMT
419 http request GET https://registry.npmjs.org/@vaadin%2fvaadin-core-shrinkwrap
420 verbose request uri https://registry.npmjs.org/@vaadin%2fvaadin-date-picker
421 verbose request no auth needed
422 info attempt registry request try #1 at 17:06:15
423 verbose etag W/"2add204c3b8be03b6f92719506199c93"
424 verbose lastModified Thu, 04 Feb 2021 10:32:05 GMT
425 http request GET https://registry.npmjs.org/@vaadin%2fvaadin-date-picker
426 verbose request uri https://registry.npmjs.org/@vaadin%2fvaadin-menu-bar
427 verbose request no auth needed
428 info attempt registry request try #1 at 17:06:15
429 verbose etag W/"c1be57fac001945d005a61c1362093f9"
430 verbose lastModified Thu, 04 Feb 2021 10:34:17 GMT
431 http request GET https://registry.npmjs.org/@vaadin%2fvaadin-menu-bar
432 verbose request uri https://registry.npmjs.org/@vaadin%2fvaadin-form-layout
433 verbose request no auth needed
434 info attempt registry request try #1 at 17:06:15
435 verbose etag W/"dcb5bc81fa2414e557920d382a4e3e08"
436 verbose lastModified Fri, 29 Jan 2021 11:53:34 GMT
437 http request GET https://registry.npmjs.org/@vaadin%2fvaadin-form-layout
438 verbose request uri https://registry.npmjs.org/@vaadin%2fvaadin-custom-field
439 verbose request no auth needed
440 info attempt registry request try #1 at 17:06:15
441 verbose etag W/"9792a4dfe407be00141b792a61011c84"
442 verbose lastModified Thu, 04 Feb 2021 11:21:22 GMT
443 http request GET https://registry.npmjs.org/@vaadin%2fvaadin-custom-field
444 verbose request uri https://registry.npmjs.org/@vaadin%2fvaadin-text-field
445 verbose request no auth needed
446 info attempt registry request try #1 at 17:06:15
447 verbose etag W/"a7a29bc62d1717547a9a85310a28a5c0"
448 verbose lastModified Fri, 12 Feb 2021 08:51:48 GMT
449 http request GET https://registry.npmjs.org/@vaadin%2fvaadin-text-field
450 verbose request uri https://registry.npmjs.org/@polymer%2firon-list
451 verbose request no auth needed
452 info attempt registry request try #1 at 17:06:15
453 verbose etag W/"59de05fc1b665f17ba41fd65fc4b8d19"
454 verbose lastModified Fri, 01 Nov 2019 00:16:35 GMT
455 http request GET https://registry.npmjs.org/@polymer%2firon-list
456 verbose request uri https://registry.npmjs.org/@vaadin%2fvaadin-accordion
457 verbose request no auth needed
458 info attempt registry request try #1 at 17:06:15
459 verbose etag W/"e5b96a47b2b3f53527bccc0bfdc8ed09"
460 verbose lastModified Tue, 02 Feb 2021 14:54:31 GMT
461 http request GET https://registry.npmjs.org/@vaadin%2fvaadin-accordion
462 verbose request uri https://registry.npmjs.org/@vaadin%2fvaadin-list-box
463 verbose request no auth needed
464 info attempt registry request try #1 at 17:06:15
465 verbose etag W/"aefa5dc70eb4718834ec230b552f8273"
466 verbose lastModified Wed, 03 Feb 2021 13:59:11 GMT
467 http request GET https://registry.npmjs.org/@vaadin%2fvaadin-list-box
468 verbose request uri https://registry.npmjs.org/@vaadin%2fvaadin-checkbox
469 verbose request no auth needed
470 info attempt registry request try #1 at 17:06:15
471 verbose etag W/"6bc29426de53e1ab5dff1eee2e5988bb"
472 verbose lastModified Wed, 03 Feb 2021 13:25:40 GMT
473 http request GET https://registry.npmjs.org/@vaadin%2fvaadin-checkbox
474 verbose request uri https://registry.npmjs.org/@vaadin%2fvaadin-details
475 verbose request no auth needed
476 info attempt registry request try #1 at 17:06:15
477 verbose etag W/"431237005f1be9c86972709fc400c15d"
478 verbose lastModified Fri, 29 Jan 2021 11:53:28 GMT
479 http request GET https://registry.npmjs.org/@vaadin%2fvaadin-details
480 verbose request uri https://registry.npmjs.org/@polymer%2firon-icon
481 verbose request no auth needed
482 info attempt registry request try #1 at 17:06:15
483 verbose etag W/"435327f6d45921576a03dec27ceba5c1"
484 verbose lastModified Thu, 08 Aug 2019 18:31:41 GMT
485 http request GET https://registry.npmjs.org/@polymer%2firon-icon
486 verbose request uri https://registry.npmjs.org/@vaadin%2fvaadin-time-picker
487 verbose request no auth needed
488 info attempt registry request try #1 at 17:06:15
489 verbose etag W/"d38a78b98d463d351a28e00b50ef4613"
490 verbose lastModified Thu, 04 Feb 2021 10:32:49 GMT
491 http request GET https://registry.npmjs.org/@vaadin%2fvaadin-time-picker
492 verbose request uri https://registry.npmjs.org/@vaadin%2fvaadin-context-menu
493 verbose request no auth needed
494 info attempt registry request try #1 at 17:06:15
495 verbose etag W/"ba6331eab12de0b30f9a625ec7f01695"
496 verbose lastModified Wed, 03 Feb 2021 16:03:26 GMT
497 http request GET https://registry.npmjs.org/@vaadin%2fvaadin-context-menu
498 verbose request uri https://registry.npmjs.org/@vaadin%2fvaadin-radio-button
499 verbose request no auth needed
500 info attempt registry request try #1 at 17:06:15
501 verbose etag W/"32758c24f61b019d31c9e8ef8c69bb2b"
502 verbose lastModified Fri, 29 Jan 2021 11:53:40 GMT
503 http request GET https://registry.npmjs.org/@vaadin%2fvaadin-radio-button
504 verbose request uri https://registry.npmjs.org/@vaadin%2fvaadin-tabs
505 verbose request no auth needed
506 info attempt registry request try #1 at 17:06:15
507 verbose etag W/"8ca1fce22598f1550d3b36c055068ebf"
508 verbose lastModified Wed, 03 Feb 2021 14:08:09 GMT
509 http request GET https://registry.npmjs.org/@vaadin%2fvaadin-tabs
510 verbose request uri https://registry.npmjs.org/@vaadin%2fvaadin-lumo-styles
511 verbose request no auth needed
512 info attempt registry request try #1 at 17:06:15
513 verbose etag W/"10d37bc7894bb81d0d5261ea0b4b3476"
514 verbose lastModified Fri, 29 Jan 2021 11:53:31 GMT
515 http request GET https://registry.npmjs.org/@vaadin%2fvaadin-lumo-styles
516 verbose request uri https://registry.npmjs.org/@vaadin%2fvaadin-material-styles
517 verbose request no auth needed
518 info attempt registry request try #1 at 17:06:15
519 verbose etag W/"1e438a60dcca6bf112775fc257419d75"
520 verbose lastModified Fri, 29 Jan 2021 11:53:32 GMT
521 http request GET https://registry.npmjs.org/@vaadin%2fvaadin-material-styles
522 http 304 https://registry.npmjs.org/lit-element
523 verbose headers { date: 'Sun, 14 Feb 2021 20:06:18 GMT',
523 verbose headers   connection: 'keep-alive',
523 verbose headers   'set-cookie': [ '__cfduid=d0f022975bcd49a89df7b73d82ad62ad91613333178; expires=Tue, 16-Mar-21 20:06:18 GMT; path=/; domain=.npmjs.org; HttpOnly; SameSite=Lax' ],
523 verbose headers   'cf-ray': '621968ab2ed708ed-EZE',
523 verbose headers   age: '177',
523 verbose headers   'cache-control': 'public, max-age=300',
523 verbose headers   etag: '"969f7bd6b4d8f449176fec00ac3c4496"',
523 verbose headers   'last-modified': 'Fri, 12 Feb 2021 22:11:43 GMT',
523 verbose headers   vary: 'Accept-Encoding',
523 verbose headers   'cf-cache-status': 'HIT',
523 verbose headers   'cf-request-id': '0843bfbefd000008edf18a8000000001',
523 verbose headers   'expect-ct': 'max-age=604800, report-uri="https://report-uri.cloudflare.com/cdn-cgi/beacon/expect-ct"',
523 verbose headers   server: 'cloudflare' }
524 silly get cb [ 304,
524 silly get   { date: 'Sun, 14 Feb 2021 20:06:18 GMT',
524 silly get     connection: 'keep-alive',
524 silly get     'set-cookie': [ '__cfduid=d0f022975bcd49a89df7b73d82ad62ad91613333178; expires=Tue, 16-Mar-21 20:06:18 GMT; path=/; domain=.npmjs.org; HttpOnly; SameSite=Lax' ],
524 silly get     'cf-ray': '621968ab2ed708ed-EZE',
524 silly get     age: '177',
524 silly get     'cache-control': 'public, max-age=300',
524 silly get     etag: '"969f7bd6b4d8f449176fec00ac3c4496"',
524 silly get     'last-modified': 'Fri, 12 Feb 2021 22:11:43 GMT',
524 silly get     vary: 'Accept-Encoding',
524 silly get     'cf-cache-status': 'HIT',
524 silly get     'cf-request-id': '0843bfbefd000008edf18a8000000001',
524 silly get     'expect-ct': 'max-age=604800, report-uri="https://report-uri.cloudflare.com/cdn-cgi/beacon/expect-ct"',
524 silly get     server: 'cloudflare' } ]
525 verbose etag https://registry.npmjs.org/lit-element from cache
526 verbose get saving lit-element to C:\Users\Gabriel\AppData\Roaming\npm-cache\registry.npmjs.org\lit-element\.cache.json
527 verbose correctMkdir C:\Users\Gabriel\AppData\Roaming\npm-cache correctMkdir not in flight; initializing
528 verbose stack Error: Missing required argument #1
528 verbose stack     at andLogAndFinish (C:\Users\Gabriel\AppData\Roaming\nvm\v6.0.0\node_modules\npm\lib\fetch-package-metadata.js:31:3)
528 verbose stack     at fetchPackageMetadata (C:\Users\Gabriel\AppData\Roaming\nvm\v6.0.0\node_modules\npm\lib\fetch-package-metadata.js:51:22)
528 verbose stack     at resolveWithNewModule (C:\Users\Gabriel\AppData\Roaming\nvm\v6.0.0\node_modules\npm\lib\install\deps.js:455:12)
528 verbose stack     at C:\Users\Gabriel\AppData\Roaming\nvm\v6.0.0\node_modules\npm\lib\install\deps.js:456:7
528 verbose stack     at C:\Users\Gabriel\AppData\Roaming\nvm\v6.0.0\node_modules\npm\node_modules\iferr\index.js:13:50
528 verbose stack     at C:\Users\Gabriel\AppData\Roaming\nvm\v6.0.0\node_modules\npm\lib\fetch-package-metadata.js:37:12
528 verbose stack     at addRequestedAndFinish (C:\Users\Gabriel\AppData\Roaming\nvm\v6.0.0\node_modules\npm\lib\fetch-package-metadata.js:82:5)
528 verbose stack     at returnAndAddMetadata (C:\Users\Gabriel\AppData\Roaming\nvm\v6.0.0\node_modules\npm\lib\fetch-package-metadata.js:117:7)
528 verbose stack     at pickVersionFromRegistryDocument (C:\Users\Gabriel\AppData\Roaming\nvm\v6.0.0\node_modules\npm\lib\fetch-package-metadata.js:134:20)
528 verbose stack     at C:\Users\Gabriel\AppData\Roaming\nvm\v6.0.0\node_modules\npm\node_modules\iferr\index.js:13:50
529 verbose cwd C:\Users\Gabriel\Desktop\rugbyplayers
530 error Windows_NT 6.2.9200
531 error argv "C:\\Program Files\\nodejs\\node.exe" "C:\\Program Files\\nodejs\\node_modules\\npm\\bin\\npm-cli.js" "--no-update-notifier" "--no-audit" "--scripts-prepend-node-path=true" "install"
532 error node v6.0.0
533 error npm  v3.8.6
534 error code EMISSINGARG
535 error typeerror Error: Missing required argument #1
535 error typeerror     at andLogAndFinish (C:\Users\Gabriel\AppData\Roaming\nvm\v6.0.0\node_modules\npm\lib\fetch-package-metadata.js:31:3)
535 error typeerror     at fetchPackageMetadata (C:\Users\Gabriel\AppData\Roaming\nvm\v6.0.0\node_modules\npm\lib\fetch-package-metadata.js:51:22)
535 error typeerror     at resolveWithNewModule (C:\Users\Gabriel\AppData\Roaming\nvm\v6.0.0\node_modules\npm\lib\install\deps.js:455:12)
535 error typeerror     at C:\Users\Gabriel\AppData\Roaming\nvm\v6.0.0\node_modules\npm\lib\install\deps.js:456:7
535 error typeerror     at C:\Users\Gabriel\AppData\Roaming\nvm\v6.0.0\node_modules\npm\node_modules\iferr\index.js:13:50
535 error typeerror     at C:\Users\Gabriel\AppData\Roaming\nvm\v6.0.0\node_modules\npm\lib\fetch-package-metadata.js:37:12
535 error typeerror     at addRequestedAndFinish (C:\Users\Gabriel\AppData\Roaming\nvm\v6.0.0\node_modules\npm\lib\fetch-package-metadata.js:82:5)
535 error typeerror     at returnAndAddMetadata (C:\Users\Gabriel\AppData\Roaming\nvm\v6.0.0\node_modules\npm\lib\fetch-package-metadata.js:117:7)
535 error typeerror     at pickVersionFromRegistryDocument (C:\Users\Gabriel\AppData\Roaming\nvm\v6.0.0\node_modules\npm\lib\fetch-package-metadata.js:134:20)
535 error typeerror     at C:\Users\Gabriel\AppData\Roaming\nvm\v6.0.0\node_modules\npm\node_modules\iferr\index.js:13:50
536 error typeerror This is an error with npm itself. Please report this error at:
536 error typeerror     <http://github.com/npm/npm/issues>
537 verbose exit [ 1, true ]
